
2021/12/11 13:48:21 - AZPR version 4.00 build 24 launched
2021/12/11 13:48:41 - File "C:\Users\A\Desktop\misc2.zip" opened.
2021/12/11 13:49:30 - File "C:\Users\A\Desktop\misc2.zip" opened.
2021/12/11 13:55:41 - File "C:\Users\A\Desktop\misc2.zip" opened.
2021/12/11 13:55:41 - Auto-save directory not defined. Using path: C:\Users\A\Desktop\
2021/12/11 13:55:41 - Starting brute-force attack...
2021/12/11 13:55:50 - Password not found
2021/12/11 13:55:59 - File "C:\Users\A\Desktop\misc2.zip" opened.
2021/12/11 13:55:59 - Error: Mask not set
2021/12/11 13:56:20 - Loading language file for '简体中文'...
2021/12/11 14:05:25 - 文件 "C:\Users\A\Desktop\misc2.zip" 打开.
2021/12/11 14:05:40 - 文件 "C:\Users\A\Desktop\misc2.zip" 打开.
2021/12/11 14:06:03 - 文件 "C:\Users\A\Desktop\misc2.zip" 打开.
2021/12/11 14:51:59 - AZPR 关闭    

2021/12/12 12:20:44 - AZPR version 4.00 build 24 开始运行
2021/12/12 12:21:00 - 文件 "C:\Users\A\Downloads\flag.zip" 打开.
2021/12/12 12:21:00 - 自动保存目录未定义，使用路径： C:\Users\A\Downloads\
2021/12/12 12:21:00 - 暴力攻击开始...
2021/12/12 12:21:00 - 找不到密码 
2021/12/12 12:21:05 - 文件 "C:\Users\A\Downloads\flag.zip" 打开.
2021/12/12 12:21:05 - 自动保存目录未定义，使用路径： C:\Users\A\Downloads\
2021/12/12 12:21:05 - 暴力攻击开始...
2021/12/12 12:21:05 - 找不到密码 
2021/12/12 12:21:07 - 文件 "C:\Users\A\Downloads\flag.zip" 打开.
2021/12/12 12:21:07 - 自动保存目录未定义，使用路径： C:\Users\A\Downloads\
2021/12/12 12:21:07 - 暴力攻击开始...
2021/12/12 12:21:07 - 找不到密码 
2021/12/12 12:21:10 - 文件 "C:\Users\A\Downloads\flag.zip" 打开.
2021/12/12 12:21:10 - 自动保存目录未定义，使用路径： C:\Users\A\Downloads\
2021/12/12 12:21:10 - 暴力攻击开始...
2021/12/12 12:21:11 - 找不到密码 
2021/12/12 12:21:14 - 文件 "C:\Users\A\Downloads\flag.zip" 打开.
2021/12/12 12:21:14 - 自动保存目录未定义，使用路径： C:\Users\A\Downloads\
2021/12/12 12:21:14 - 暴力攻击开始...
2021/12/12 12:21:42 - 找不到密码 
2021/12/12 12:21:46 - 文件 "C:\Users\A\Downloads\flag.zip" 打开.
2021/12/12 12:21:46 - 自动保存目录未定义，使用路径： C:\Users\A\Downloads\
2021/12/12 12:21:46 - 暴力攻击开始...
2021/12/12 12:26:46 - 执行自动备份...
2021/12/12 12:31:46 - 执行自动备份...
2021/12/12 12:36:46 - 执行自动备份...
2021/12/12 12:41:46 - 执行自动备份...
2021/12/12 12:46:46 - 执行自动备份...
2021/12/12 12:50:57 - 找不到密码 
2021/12/12 12:53:01 - AZPR 关闭    

2021/12/15 16:33:02 - AZPR version 4.00 build 24 开始运行
2021/12/15 17:06:43 - AZPR 关闭    
